<?xml version="1.0" encoding="UTF-8"?>
<testng-results ignored="0" total="1" passed="1" failed="0" skipped="0">
  <reporter-output>
  </reporter-output>
  <suite started-at="2023-08-23T12:22:37 IST" name="Suite" finished-at="2023-08-23T12:22:55 IST" duration-ms="17570">
    <groups>
    </groups>
    <test started-at="2023-08-23T12:22:37 IST" name="Test" finished-at="2023-08-23T12:22:55 IST" duration-ms="17570">
      <class name="JenkinsProject.Jenkinsone.Multiple_windows">
        <test-method signature="check()[pri:0, instance:JenkinsProject.Jenkinsone.Multiple_windows@942a29c]" started-at="2023-08-23T12:22:37 IST" name="check" finished-at="2023-08-23T12:22:55 IST" duration-ms="17525" status="PASS">
          <reporter-output>
          </reporter-output>
        </test-method> <!-- check -->
      </class> <!-- JenkinsProject.Jenkinsone.Multiple_windows -->
    </test> <!-- Test -->
  </suite> <!-- Suite -->
</testng-results>
