<?xml version="1.0" encoding="UTF-8"?>
<testng-results ignored="0" total="1" passed="1" failed="0" skipped="0">
  <reporter-output>
  </reporter-output>
  <suite started-at="2023-08-23T11:25:01 IST" name="Default suite" finished-at="2023-08-23T11:25:17 IST" duration-ms="15989">
    <groups>
    </groups>
    <test started-at="2023-08-23T11:25:01 IST" name="Default test" finished-at="2023-08-23T11:25:17 IST" duration-ms="15989">
      <class name="JenkinsProject.Jenkinsone.Multiple_windows">
        <test-method signature="check()[pri:0, instance:JenkinsProject.Jenkinsone.Multiple_windows@7205765b]" started-at="2023-08-23T11:25:01 IST" name="check" finished-at="2023-08-23T11:25:17 IST" duration-ms="15964" status="PASS">
          <reporter-output>
          </reporter-output>
        </test-method> <!-- check -->
      </class> <!-- JenkinsProject.Jenkinsone.Multiple_windows -->
    </test> <!-- Default test -->
  </suite> <!-- Default suite -->
</testng-results>
